10-Dec-2017 12:26:00 lubos start (version 2017-11-04)
10-Dec-2017 12:26:38 lubos quit (version 2017-11-04)
10-Dec-2017 13:07:33 lubos start (version 2017-11-04)
10-Dec-2017 13:11:39 lubos quit (version 2017-11-04)
10-Dec-2017 13:11:43 lubos start (version 2017-11-04)
10-Dec-2017 13:12:45 lubos quit (version 2017-11-04)
10-Dec-2017 13:12:49 lubos start (version 2017-11-04)
10-Dec-2017 13:14:20 lubos quit (version 2017-11-04)
10-Dec-2017 13:14:23 lubos start (version 2017-11-04)
10-Dec-2017 13:15:52 lubos quit (version 2017-11-04)
10-Dec-2017 13:15:56 lubos start (version 2017-11-04)
10-Dec-2017 13:17:43 lubos quit (version 2017-11-04)
10-Dec-2017 13:17:48 lubos start (version 2017-11-04)
10-Dec-2017 13:19:39 lubos quit (version 2017-11-04)
10-Dec-2017 13:19:43 lubos start (version 2017-11-04)
10-Dec-2017 13:20:51 lubos quit (version 2017-11-04)
10-Dec-2017 13:20:59 lubos start (version 2017-11-04)
10-Dec-2017 13:22:23 lubos quit (version 2017-11-04)
10-Dec-2017 13:23:09 lubos start (version 2017-11-04)
10-Dec-2017 13:26:48 lubos quit (version 2017-11-04)
10-Dec-2017 13:26:54 lubos start (version 2017-11-04)
10-Dec-2017 13:27:09 lubos quit (version 2017-11-04)
10-Dec-2017 13:29:10 lubos start (version 2017-11-04)
10-Dec-2017 13:33:06 lubos quit (version 2017-11-04)
10-Dec-2017 13:33:45 lubos start (version 2017-11-04)
10-Dec-2017 13:34:03 lubos quit (version 2017-11-04)
10-Dec-2017 13:37:23 lubos start (version 2017-11-04)
10-Dec-2017 13:37:41 lubos quit (version 2017-11-04)
10-Dec-2017 13:39:12 lubos start (version 2017-11-04)
10-Dec-2017 13:39:17 lubos quit (version 2017-11-04)
10-Dec-2017 13:43:09 lubos start (version 2017-11-04)
10-Dec-2017 13:43:27 lubos /home/lubos/Data/Ecoli_Azo_Gam42a_5.im (version 2017-11-04)
10-Dec-2017 13:44:49 lubos /home/lubos/Data/Ecoli_Azo_Gam42a_5.im (version 2017-11-04)
10-Dec-2017 18:22:48 lubos quit (version 2017-11-04)
10-Dec-2017 18:22:57 lubos start (version 2017-12-10-matlab2017b)
10-Dec-2017 18:25:02 lubos quit (version 2017-12-10-matlab2017b)
10-Dec-2017 18:25:06 lubos start (version 2017-12-10-matlab2017b)
10-Dec-2017 18:28:44 lubos quit (version 2017-12-10-matlab2017b)
10-Dec-2017 18:28:47 lubos start (version 2017-12-10-matlab2017b)
10-Dec-2017 18:29:55 lubos quit (version 2017-12-10-matlab2017b)
10-Dec-2017 18:30:14 lubos start (version 2017-12-10-matlab2017b)
10-Dec-2017 19:58:25 lubos /home/lubos/Data/Ecoli_Azo_Gam42a_5.im (version 2017-12-10-matlab2017b)
10-Dec-2017 22:27:04 lubos quit (version 2017-12-10-matlab2017b)
10-Dec-2017 23:54:52 lubos start (version 2017-12-10-matlab2017b)
10-Dec-2017 23:55:45 lubos /home/lubos/Data/Ecoli_Azo_Gam42a_5.im (version 2017-12-10-matlab2017b)
11-Dec-2017 08:37:27 lubos start (version 2017-12-10-matlab2017b)
11-Dec-2017 08:49:17 lubos quit (version 2017-12-10-matlab2017b)
11-Dec-2017 10:38:15 lubos start (version 2017-12-10-matlab2017b)
11-Dec-2017 10:38:26 lubos quit (version 2017-12-10-matlab2017b)
12-Dec-2017 10:09:54 lubos start (version 2017-12-10-matlab2017b)
12-Dec-2017 11:02:27 lubos /home/lubos/Data/Ecoli_Azo_Gam42a_5.im (version 2017-12-10-matlab2017b)
13-Dec-2017 04:04:44 lubos start (version 2017-12-11-matlab2017b)
13-Dec-2017 04:05:52 lubos /home/lubos/Data/2015-11-13-NEMATODE/2015-11-13-NEMATODE_3.im (version 2017-12-11-matlab2017b)
13-Dec-2017 04:09:57 lubos /home/lubos/Data/2015-11-13-NEMATODE/2015-11-13-NEMATODE_4.im (version 2017-12-11-matlab2017b)
13-Dec-2017 04:13:23 lubos /home/lubos/Data/2015-11-13-NEMATODE/2015-11-13-NEMATODE_3.im (version 2017-12-11-matlab2017b)
13-Dec-2017 04:25:06 lubos /home/lubos/Data/2015-11-13-NEMATODE/2015-11-13-NEMATODE_3.im (version 2017-12-11-matlab2017b)
13-Dec-2017 04:35:06 lubos /home/lubos/Data/2015-11-13-NEMATODE/2015-11-13-NEMATODE_3.im (version 2017-12-11-matlab2017b)
13-Dec-2017 04:39:27 lubos /home/lubos/Data/2015-11-13-NEMATODE/2015-11-13-NEMATODE_3.im (version 2017-12-11-matlab2017b)
13-Dec-2017 05:02:10 lubos /home/lubos/Data/2015-11-13-NEMATODE/2015-11-13-NEMATODE_3.im (version 2017-12-11-matlab2017b)
13-Dec-2017 05:05:25 lubos /home/lubos/Data/2015-11-13-NEMATODE/2015-11-13-NEMATODE_3.im (version 2017-12-11-matlab2017b)
13-Dec-2017 05:08:50 lubos /home/lubos/Data/2015-11-13-NEMATODE/2015-11-13-NEMATODE_3.im (version 2017-12-11-matlab2017b)
13-Dec-2017 05:16:21 lubos /home/lubos/Data/2015-11-13-NEMATODE/2015-11-13-NEMATODE_3.im (version 2017-12-11-matlab2017b)
13-Dec-2017 05:17:46 lubos /home/lubos/Data/2015-11-13-NEMATODE/2015-11-13-NEMATODE_4.im (version 2017-12-11-matlab2017b)
13-Dec-2017 05:22:19 lubos /home/lubos/Data/2015-11-13-NEMATODE/2015-11-13-NEMATODE_3.im (version 2017-12-11-matlab2017b)
13-Dec-2017 05:23:19 lubos /home/lubos/Data/2015-11-13-NEMATODE/2015-11-13-NEMATODE_4.im (version 2017-12-11-matlab2017b)
13-Dec-2017 05:24:39 lubos /home/lubos/Data/2015-11-13-NEMATODE/2015-11-13-NEMATODE_3.im (version 2017-12-11-matlab2017b)
13-Dec-2017 05:25:01 lubos /home/lubos/Data/2015-11-13-NEMATODE/2015-11-13-NEMATODE_4.im (version 2017-12-11-matlab2017b)
13-Dec-2017 05:28:40 lubos /home/lubos/Data/2015-11-13-NEMATODE/2015-11-13-NEMATODE_3.im (version 2017-12-11-matlab2017b)
13-Dec-2017 05:32:18 lubos /home/lubos/Data/2015-11-13-NEMATODE/2015-11-13-NEMATODE_3.im (version 2017-12-11-matlab2017b)
13-Dec-2017 05:32:26 lubos /home/lubos/Data/2015-11-13-NEMATODE/2015-11-13-NEMATODE_4.im (version 2017-12-11-matlab2017b)
13-Dec-2017 05:34:46 lubos /home/lubos/Data/2015-11-13-NEMATODE/2015-11-13-NEMATODE_3.im (version 2017-12-11-matlab2017b)
13-Dec-2017 05:34:59 lubos /home/lubos/Data/2015-11-13-NEMATODE/2015-11-13-NEMATODE_4.im (version 2017-12-11-matlab2017b)
13-Dec-2017 05:36:08 lubos /home/lubos/Data/2015-11-13-NEMATODE/2015-11-13-NEMATODE_3.im (version 2017-12-11-matlab2017b)
13-Dec-2017 05:36:16 lubos /home/lubos/Data/2015-11-13-NEMATODE/2015-11-13-NEMATODE_4.im (version 2017-12-11-matlab2017b)
13-Dec-2017 05:52:49 lubos /home/lubos/Data/2015-11-13-NEMATODE/2015-11-13-NEMATODE_3.im (version 2017-12-11-matlab2017b)
13-Dec-2017 05:52:59 lubos /home/lubos/Data/2015-11-13-NEMATODE/2015-11-13-NEMATODE_4.im (version 2017-12-11-matlab2017b)
13-Dec-2017 06:08:16 lubos /home/lubos/Data/2015-11-13-NEMATODE/2015-11-13-NEMATODE_3.im (version 2017-12-11-matlab2017b)
13-Dec-2017 06:11:55 lubos /home/lubos/Data/2015-11-13-NEMATODE/2015-11-13-NEMATODE_4.im (version 2017-12-11-matlab2017b)
13-Dec-2017 06:18:06 lubos /home/lubos/Data/2015-11-13-NEMATODE/2015-11-13-NEMATODE_3.im (version 2017-12-11-matlab2017b)
13-Dec-2017 06:27:39 lubos /home/lubos/Data/2015-11-13-NEMATODE/2015-11-13-NEMATODE_4.im (version 2017-12-11-matlab2017b)
13-Dec-2017 06:29:39 lubos /home/lubos/Data/2015-11-13-NEMATODE/2015-11-13-NEMATODE_3.im (version 2017-12-11-matlab2017b)
13-Dec-2017 06:29:55 lubos /home/lubos/Data/2015-11-13-NEMATODE/2015-11-13-NEMATODE_4.im (version 2017-12-11-matlab2017b)
13-Dec-2017 06:30:30 lubos /home/lubos/Data/2015-11-13-NEMATODE/2015-11-13-NEMATODE_3.im (version 2017-12-11-matlab2017b)
13-Dec-2017 06:30:43 lubos /home/lubos/Data/2015-11-13-NEMATODE/2015-11-13-NEMATODE_4.im (version 2017-12-11-matlab2017b)
13-Dec-2017 06:35:57 lubos /home/lubos/Data/2015-11-13-NEMATODE/2015-11-13-NEMATODE_3.im (version 2017-12-11-matlab2017b)
13-Dec-2017 06:36:23 lubos /home/lubos/Data/2015-11-13-NEMATODE/2015-11-13-NEMATODE_4.im (version 2017-12-11-matlab2017b)
13-Dec-2017 06:44:59 lubos /home/lubos/Data/2015-11-13-NEMATODE/2015-11-13-NEMATODE_3.im (version 2017-12-11-matlab2017b)
13-Dec-2017 06:54:33 lubos /home/lubos/Data/2015-11-13-NEMATODE/2015-11-13-NEMATODE_3.im (version 2017-12-11-matlab2017b)
13-Dec-2017 06:57:13 lubos /home/lubos/Data/2015-11-13-NEMATODE/2015-11-13-NEMATODE_3.im (version 2017-12-11-matlab2017b)
13-Dec-2017 07:00:16 lubos /home/lubos/Data/2015-11-13-NEMATODE/2015-11-13-NEMATODE_3.im (version 2017-12-11-matlab2017b)
13-Dec-2017 07:05:17 lubos /home/lubos/Data/2015-11-13-NEMATODE/2015-11-13-NEMATODE_3.im (version 2017-12-11-matlab2017b)
13-Dec-2017 07:06:52 lubos /home/lubos/Data/2015-11-13-NEMATODE/2015-11-13-NEMATODE_4.im (version 2017-12-11-matlab2017b)
13-Dec-2017 07:10:18 lubos /home/lubos/Data/2015-11-13-NEMATODE/2015-11-13-NEMATODE_3.im (version 2017-12-11-matlab2017b)
13-Dec-2017 07:10:58 lubos /home/lubos/Data/2015-11-13-NEMATODE/2015-11-13-NEMATODE_3.im (version 2017-12-11-matlab2017b)
13-Dec-2017 07:12:58 lubos /home/lubos/Data/2015-11-13-NEMATODE/2015-11-13-NEMATODE_3.im (version 2017-12-11-matlab2017b)
13-Dec-2017 07:14:17 lubos /home/lubos/Data/2015-11-13-NEMATODE/2015-11-13-NEMATODE_4.im (version 2017-12-11-matlab2017b)
13-Dec-2017 07:24:18 lubos /home/lubos/Data/2015-11-13-NEMATODE/2015-11-13-NEMATODE_3.im (version 2017-12-11-matlab2017b)
13-Dec-2017 07:24:27 lubos /home/lubos/Data/2015-11-13-NEMATODE/2015-11-13-NEMATODE_4.im (version 2017-12-11-matlab2017b)
13-Dec-2017 07:26:36 lubos /home/lubos/Data/2015-11-13-NEMATODE/2015-11-13-NEMATODE_3.im (version 2017-12-11-matlab2017b)
13-Dec-2017 07:26:47 lubos /home/lubos/Data/2015-11-13-NEMATODE/2015-11-13-NEMATODE_4.im (version 2017-12-11-matlab2017b)
13-Dec-2017 08:36:48 lubos /home/lubos/Data/2015-11-13-NEMATODE/2015-11-13-NEMATODE_3.im (version 2017-12-11-matlab2017b)
13-Dec-2017 08:36:58 lubos /home/lubos/Data/2015-11-13-NEMATODE/2015-11-13-NEMATODE_4.im (version 2017-12-11-matlab2017b)
13-Dec-2017 09:01:14 lubos /home/lubos/Data/2015-11-13-NEMATODE/2015-11-13-NEMATODE_3.im (version 2017-12-11-matlab2017b)
13-Dec-2017 09:01:24 lubos /home/lubos/Data/2015-11-13-NEMATODE/2015-11-13-NEMATODE_4.im (version 2017-12-11-matlab2017b)
13-Dec-2017 09:05:26 lubos /home/lubos/Data/2015-11-13-NEMATODE/2015-11-13-NEMATODE_3.im (version 2017-12-11-matlab2017b)
13-Dec-2017 09:05:36 lubos /home/lubos/Data/2015-11-13-NEMATODE/2015-11-13-NEMATODE_4.im (version 2017-12-11-matlab2017b)
13-Dec-2017 09:13:26 lubos /home/lubos/Data/2015-11-13-NEMATODE/2015-11-13-NEMATODE_3.im (version 2017-12-11-matlab2017b)
13-Dec-2017 09:13:35 lubos /home/lubos/Data/2015-11-13-NEMATODE/2015-11-13-NEMATODE_4.im (version 2017-12-11-matlab2017b)
13-Dec-2017 09:25:18 lubos /home/lubos/Data/2015-11-13-NEMATODE/2015-11-13-NEMATODE_3.im (version 2017-12-11-matlab2017b)
13-Dec-2017 09:25:27 lubos /home/lubos/Data/2015-11-13-NEMATODE/2015-11-13-NEMATODE_4.im (version 2017-12-11-matlab2017b)
13-Dec-2017 09:30:31 lubos /home/lubos/Data/2015-11-13-NEMATODE/2015-11-13-NEMATODE_3.im (version 2017-12-11-matlab2017b)
13-Dec-2017 09:30:40 lubos /home/lubos/Data/2015-11-13-NEMATODE/2015-11-13-NEMATODE_4.im (version 2017-12-11-matlab2017b)
13-Dec-2017 09:32:23 lubos /home/lubos/Data/2015-11-13-NEMATODE/2015-11-13-NEMATODE_3.im (version 2017-12-11-matlab2017b)
13-Dec-2017 09:32:32 lubos /home/lubos/Data/2015-11-13-NEMATODE/2015-11-13-NEMATODE_4.im (version 2017-12-11-matlab2017b)
13-Dec-2017 09:33:56 lubos /home/lubos/Data/2015-11-13-NEMATODE/2015-11-13-NEMATODE_3.im (version 2017-12-11-matlab2017b)
13-Dec-2017 09:34:06 lubos /home/lubos/Data/2015-11-13-NEMATODE/2015-11-13-NEMATODE_4.im (version 2017-12-11-matlab2017b)
13-Dec-2017 09:37:39 lubos /home/lubos/Data/2015-11-13-NEMATODE/2015-11-13-NEMATODE_3.im (version 2017-12-11-matlab2017b)
13-Dec-2017 09:37:47 lubos /home/lubos/Data/2015-11-13-NEMATODE/2015-11-13-NEMATODE_4.im (version 2017-12-11-matlab2017b)
13-Dec-2017 09:39:07 lubos /home/lubos/Data/2015-11-13-NEMATODE/2015-11-13-NEMATODE_3.im (version 2017-12-11-matlab2017b)
13-Dec-2017 09:39:16 lubos /home/lubos/Data/2015-11-13-NEMATODE/2015-11-13-NEMATODE_4.im (version 2017-12-11-matlab2017b)
13-Dec-2017 09:45:55 lubos /home/lubos/Data/2015-11-13-NEMATODE/2015-11-13-NEMATODE_3.im (version 2017-12-11-matlab2017b)
13-Dec-2017 09:46:04 lubos /home/lubos/Data/2015-11-13-NEMATODE/2015-11-13-NEMATODE_4.im (version 2017-12-11-matlab2017b)
13-Dec-2017 09:46:56 lubos /home/lubos/Data/2015-11-13-NEMATODE/2015-11-13-NEMATODE_3.im (version 2017-12-11-matlab2017b)
13-Dec-2017 09:47:06 lubos /home/lubos/Data/2015-11-13-NEMATODE/2015-11-13-NEMATODE_4.im (version 2017-12-11-matlab2017b)
13-Dec-2017 09:49:38 lubos /home/lubos/Data/2015-11-13-NEMATODE/2015-11-13-NEMATODE_3.im (version 2017-12-11-matlab2017b)
13-Dec-2017 09:49:53 lubos /home/lubos/Data/2015-11-13-NEMATODE/2015-11-13-NEMATODE_4.im (version 2017-12-11-matlab2017b)
13-Dec-2017 09:54:33 lubos quit (version 2017-12-11-matlab2017b)
13-Dec-2017 14:19:37 lubos start (version 2017-12-11-matlab2017b)
13-Dec-2017 14:19:48 lubos /home/lubos/Data/2015-11-13-NEMATODE/2015-11-13-NEMATODE_3.im (version 2017-12-11-matlab2017b)
13-Dec-2017 14:34:20 lubos /home/lubos/Data/2015-11-13-NEMATODE/2015-11-13-NEMATODE_3.im (version 2017-12-11-matlab2017b)
13-Dec-2017 14:34:29 lubos /home/lubos/Data/2015-11-13-NEMATODE/2015-11-13-NEMATODE_4.im (version 2017-12-11-matlab2017b)
13-Dec-2017 14:36:57 lubos /home/lubos/Data/2015-11-13-NEMATODE/2015-11-13-NEMATODE_3.im (version 2017-12-11-matlab2017b)
13-Dec-2017 14:37:05 lubos /home/lubos/Data/2015-11-13-NEMATODE/2015-11-13-NEMATODE_4.im (version 2017-12-11-matlab2017b)
13-Dec-2017 14:37:58 lubos /home/lubos/Data/2015-11-13-NEMATODE/2015-11-13-NEMATODE_3.im (version 2017-12-11-matlab2017b)
13-Dec-2017 14:38:08 lubos /home/lubos/Data/2015-11-13-NEMATODE/2015-11-13-NEMATODE_4.im (version 2017-12-11-matlab2017b)
13-Dec-2017 14:46:17 lubos /home/lubos/Data/2015-11-13-NEMATODE/2015-11-13-NEMATODE_3.im (version 2017-12-11-matlab2017b)
13-Dec-2017 14:47:08 lubos /home/lubos/Data/2015-11-13-NEMATODE/2015-11-13-NEMATODE_3.im (version 2017-12-11-matlab2017b)
13-Dec-2017 14:47:15 lubos /home/lubos/Data/2015-11-13-NEMATODE/2015-11-13-NEMATODE_4.im (version 2017-12-11-matlab2017b)
14-Dec-2017 07:10:16 lubos /home/lubos/Data/2015-11-13-NEMATODE/2015-11-13-NEMATODE_4.im (version 2017-12-11-matlab2017b)
15-Dec-2017 06:27:45 lubos quit (version 2017-12-11-matlab2017b)
15-Dec-2017 06:27:51 lubos start (version 2017-12-11-matlab2017b)
15-Dec-2017 06:29:21 lubos /home/lubos/Data/2015-11-13-NEMATODE/2015-11-13-NEMATODE_7.im (version 2017-12-11-matlab2017b)
15-Dec-2017 06:40:37 lubos quit (version 2017-12-11-matlab2017b)
15-Dec-2017 06:51:06 lubos start (version 2017-12-11-matlab2017b)
15-Dec-2017 06:51:13 lubos quit (version 2017-12-11-matlab2017b)
15-Dec-2017 06:51:17 lubos start (version 2017-12-11-matlab2017b)
15-Dec-2017 06:55:02 lubos quit (version 2017-12-11-matlab2017b)
15-Dec-2017 06:56:26 lubos start (version 2017-12-11-matlab2017b)
15-Dec-2017 06:56:54 lubos quit (version 2017-12-11-matlab2017b)
15-Dec-2017 06:57:13 lubos start (version 2017-12-11-matlab2017b)
15-Dec-2017 06:58:07 lubos /home/lubos/Data/2015-11-13-NEMATODE/2015-11-13-NEMATODE_7.im (version 2017-12-11-matlab2017b)
15-Dec-2017 08:17:17 lubos quit (version 2017-12-11-matlab2017b)
15-Dec-2017 08:20:37 lubos start (version 2017-12-11-matlab2017b)
15-Dec-2017 08:21:22 lubos /home/lubos/Data/2015-11-13-NEMATODE/2015-11-13-NEMATODE_7.im (version 2017-12-11-matlab2017b)
15-Dec-2017 14:18:32 lubos quit (version 2017-12-11-matlab2017b)
15-Dec-2017 14:18:39 lubos start (version 2017-12-11-matlab2017b)
15-Dec-2017 14:18:50 lubos quit (version 2017-12-11-matlab2017b)
15-Dec-2017 14:20:42 lubos start (version 2017-12-11-matlab2017b)
15-Dec-2017 14:23:14 lubos /home/lubos/Data/2015-11-13-NEMATODE/2015-11-13-NEMATODE_7.im (version 2017-12-11-matlab2017b)
15-Dec-2017 14:30:06 lubos /home/lubos/Data/2015-11-13-NEMATODE/2015-11-13-NEMATODE_7.im (version 2017-12-11-matlab2017b)
15-Dec-2017 14:33:06 lubos /home/lubos/Data/2015-11-13-NEMATODE/2015-11-13-NEMATODE_7.im (version 2017-12-11-matlab2017b)
15-Dec-2017 14:43:10 lubos /home/lubos/Data/2015-11-13-NEMATODE/2015-11-13-NEMATODE_7.im (version 2017-12-11-matlab2017b)
15-Dec-2017 17:47:11 lubos quit (version 2017-12-11-matlab2017b)
15-Dec-2017 17:47:15 lubos quit (version 2017-12-11-matlab2017b)
15-Dec-2017 17:47:54 lubos start (version 2017-12-11-matlab2017b)
15-Dec-2017 17:48:12 lubos /home/lubos/Data/2015-11-13-NEMATODE/2015-11-13-NEMATODE_7.im (version 2017-12-11-matlab2017b)
15-Dec-2017 19:00:50 lubos /home/lubos/Data/2015-11-13-NEMATODE/2015-11-13-NEMATODE_7.im (version 2017-12-11-matlab2017b)
15-Dec-2017 19:01:37 lubos /home/lubos/Data/2015-11-13-NEMATODE/2015-11-13-NEMATODE_7.im (version 2017-12-11-matlab2017b)
15-Dec-2017 19:55:34 lubos quit (version 2017-12-11-matlab2017b)
15-Dec-2017 20:03:13 lubos start (version 2017-12-11-matlab2017b)
15-Dec-2017 20:04:22 lubos /home/lubos/Data/2017-12-15-FORAMS_1.im (version 2017-12-11-matlab2017b)
15-Dec-2017 21:35:05 lubos quit (version 2017-12-11-matlab2017b)
