This is pdfTeX, Version 3.141592653-2.6-1.40.25 (TeX Live 2023/Debian) (preloaded format=pdflatex 2025.7.27)  4 AUG 2025 16:16
entering extended mode
 restricted \write18 enabled.
 %&-line parsing enabled.
**LANS_load8plus.tex
(./LANS_load8plus.tex
LaTeX2e <2023-11-01> patch level 1
L3 programming layer <2024-01-22>
! Undefined control sequence.
l.1 \subsection
               {Loading datasets with more than 8 masses}
? x
 
Here is how much of TeX's memory you used:
 16 strings out of 476106
 418 string characters out of 5793933
 1922975 words of memory out of 5000000
 22126 multiletter control sequences out of 15000+600000
 558069 words of font info for 36 fonts, out of 8000000 for 9000
 59 hyphenation exceptions out of 8191
 12i,0n,13p,103b,8s stack positions out of 10000i,1000n,20000p,200000b,200000s
No pages of output.
PDF statistics:
 0 PDF objects out of 1000 (max. 8388607)
 0 named destinations out of 1000 (max. 500000)
 1 words of extra memory for PDF output out of 10000 (max. 10000000)

